<?xml version="1.0" encoding="UTF-8"?>
<testng-results skipped="0" failed="1" total="2" passed="1">
  <reporter-output>
  </reporter-output>
  <suite name="Suite" duration-ms="185161" started-at="2017-07-03T05:02:12Z" finished-at="2017-07-03T05:05:17Z">
    <groups>
    </groups>
    <test name="Test1" duration-ms="117276" started-at="2017-07-03T05:02:12Z" finished-at="2017-07-03T05:04:09Z">
      <class name="selenium.flipkart_testTest">
        <test-method status="PASS" signature="beforeTest()[pri:0, instance:selenium.flipkart_testTest@cc285f4]" name="beforeTest" is-config="true" duration-ms="6" started-at="2017-07-03T10:32:12Z" finished-at="2017-07-03T10:32:12Z">
          <reporter-output>
          </reporter-output>
        </test-method> <!-- beforeTest -->
        <test-method status="PASS" signature="beforeClass()[pri:0, instance:selenium.flipkart_testTest@cc285f4]" name="beforeClass" is-config="true" duration-ms="0" started-at="2017-07-03T10:32:12Z" finished-at="2017-07-03T10:32:12Z">
          <reporter-output>
          </reporter-output>
        </test-method> <!-- beforeClass -->
        <test-method status="FAIL" signature="f()[pri:0, instance:selenium.flipkart_testTest@cc285f4]" name="f" duration-ms="117244" started-at="2017-07-03T10:32:12Z" finished-at="2017-07-03T10:34:09Z">
          <exception class="org.openqa.selenium.WebDriverException">
            <message>
              <![CDATA[Element is not clickable at point (1197.5999755859375, 55). Other element would receive the click: <div tabindex="-1" class="_2ISNhP _3AOFWO" data-reactroot=""></div>
Command duration or timeout: 79 milliseconds
Build info: version: '2.53.1', revision: 'a36b8b1', time: '2016-06-30 17:32:46'
System info: host: 'LAPTOP-NHA54PIJ', ip: '192.168.225.97', os.name: 'Windows 10', os.arch: 'amd64', os.version: '10.0', java.version: '1.8.0_101'
Driver info: org.openqa.selenium.firefox.FirefoxDriver
Capabilities [{applicationCacheEnabled=true, rotatable=false, handlesAlerts=true, databaseEnabled=true, version=37.0.2, platform=WINDOWS, nativeEvents=false, acceptSslCerts=true, webStorageEnabled=true, locationContextEnabled=true, browserName=firefox, takesScreenshot=true, javascriptEnabled=true, cssSelectorsEnabled=true}]
Session ID: 4b7ce59e-9bdb-408c-8613-7e2601c99b81]]>
            </message>
            <full-stacktrace>
              <![CDATA[org.openqa.selenium.WebDriverException: Element is not clickable at point (1197.5999755859375, 55). Other element would receive the click: <div tabindex="-1" class="_2ISNhP _3AOFWO" data-reactroot=""></div>
Command duration or timeout: 79 milliseconds
Build info: version: '2.53.1', revision: 'a36b8b1', time: '2016-06-30 17:32:46'
System info: host: 'LAPTOP-NHA54PIJ', ip: '192.168.225.97', os.name: 'Windows 10', os.arch: 'amd64', os.version: '10.0', java.version: '1.8.0_101'
Driver info: org.openqa.selenium.firefox.FirefoxDriver
Capabilities [{applicationCacheEnabled=true, rotatable=false, handlesAlerts=true, databaseEnabled=true, version=37.0.2, platform=WINDOWS, nativeEvents=false, acceptSslCerts=true, webStorageEnabled=true, locationContextEnabled=true, browserName=firefox, takesScreenshot=true, javascriptEnabled=true, cssSelectorsEnabled=true}]
Session ID: 4b7ce59e-9bdb-408c-8613-7e2601c99b81
	at sun.reflect.NativeConstructorAccessorImpl.newInstance0(Native Method)
	at sun.reflect.NativeConstructorAccessorImpl.newInstance(NativeConstructorAccessorImpl.java:62)
	at sun.reflect.DelegatingConstructorAccessorImpl.newInstance(DelegatingConstructorAccessorImpl.java:45)
	at java.lang.reflect.Constructor.newInstance(Constructor.java:423)
	at org.openqa.selenium.remote.ErrorHandler.createThrowable(ErrorHandler.java:206)
	at org.openqa.selenium.remote.ErrorHandler.throwIfResponseFailed(ErrorHandler.java:158)
	at org.openqa.selenium.remote.RemoteWebDriver.execute(RemoteWebDriver.java:678)
	at org.openqa.selenium.remote.RemoteWebElement.execute(RemoteWebElement.java:327)
	at org.openqa.selenium.remote.RemoteWebElement.click(RemoteWebElement.java:85)
	at selenium.flipkart_testTest.f(flipkart_testTest.java:36)
	at sun.reflect.NativeMethodAccessorImpl.invoke0(Native Method)
	at sun.reflect.NativeMethodAccessorImpl.invoke(NativeMethodAccessorImpl.java:62)
	at sun.reflect.DelegatingMethodAccessorImpl.invoke(DelegatingMethodAccessorImpl.java:43)
	at java.lang.reflect.Method.invoke(Method.java:498)
	at org.testng.internal.MethodInvocationHelper.invokeMethod(MethodInvocationHelper.java:85)
	at org.testng.internal.Invoker.invokeMethod(Invoker.java:639)
	at org.testng.internal.Invoker.invokeTestMethod(Invoker.java:816)
	at org.testng.internal.Invoker.invokeTestMethods(Invoker.java:1124)
	at org.testng.internal.TestMethodWorker.invokeTestMethods(TestMethodWorker.java:125)
	at org.testng.internal.TestMethodWorker.run(TestMethodWorker.java:108)
	at org.testng.TestRunner.privateRun(TestRunner.java:774)
	at org.testng.TestRunner.run(TestRunner.java:624)
	at org.testng.SuiteRunner.runTest(SuiteRunner.java:359)
	at org.testng.SuiteRunner.access$000(SuiteRunner.java:39)
	at org.testng.SuiteRunner$SuiteWorker.run(SuiteRunner.java:393)
	at org.testng.internal.thread.ThreadUtil$2.call(ThreadUtil.java:64)
	at java.util.concurrent.FutureTask.run(FutureTask.java:266)
	at java.util.concurrent.ThreadPoolExecutor.runWorker(ThreadPoolExecutor.java:1142)
	at java.util.concurrent.ThreadPoolExecutor$Worker.run(ThreadPoolExecutor.java:617)
	at java.lang.Thread.run(Thread.java:745)
]]>
            </full-stacktrace>
          </exception> <!-- org.openqa.selenium.WebDriverException -->
          <reporter-output>
          </reporter-output>
        </test-method> <!-- f -->
        <test-method status="PASS" signature="afterClass()[pri:0, instance:selenium.flipkart_testTest@cc285f4]" name="afterClass" is-config="true" duration-ms="1" started-at="2017-07-03T10:34:09Z" finished-at="2017-07-03T10:34:09Z">
          <reporter-output>
          </reporter-output>
        </test-method> <!-- afterClass -->
        <test-method status="PASS" signature="afterTest()[pri:0, instance:selenium.flipkart_testTest@cc285f4]" name="afterTest" is-config="true" duration-ms="0" started-at="2017-07-03T10:34:09Z" finished-at="2017-07-03T10:34:09Z">
          <reporter-output>
          </reporter-output>
        </test-method> <!-- afterTest -->
      </class> <!-- selenium.flipkart_testTest -->
    </test> <!-- Test1 -->
    <test name="Test2" duration-ms="185161" started-at="2017-07-03T05:02:12Z" finished-at="2017-07-03T05:05:17Z">
      <class name="selenium.redBusTest">
        <test-method status="PASS" signature="beforeTest()[pri:0, instance:selenium.redBusTest@6f7fd0e6]" name="beforeTest" is-config="true" duration-ms="6" started-at="2017-07-03T10:32:12Z" finished-at="2017-07-03T10:32:12Z">
          <reporter-output>
          </reporter-output>
        </test-method> <!-- beforeTest -->
        <test-method status="PASS" signature="beforeClass()[pri:0, instance:selenium.redBusTest@6f7fd0e6]" name="beforeClass" is-config="true" duration-ms="0" started-at="2017-07-03T10:32:12Z" finished-at="2017-07-03T10:32:12Z">
          <reporter-output>
          </reporter-output>
        </test-method> <!-- beforeClass -->
        <test-method status="PASS" signature="f()[pri:0, instance:selenium.redBusTest@6f7fd0e6]" name="f" duration-ms="185147" started-at="2017-07-03T10:32:12Z" finished-at="2017-07-03T10:35:17Z">
          <reporter-output>
          </reporter-output>
        </test-method> <!-- f -->
        <test-method status="PASS" signature="afterClass()[pri:0, instance:selenium.redBusTest@6f7fd0e6]" name="afterClass" is-config="true" duration-ms="0" started-at="2017-07-03T10:35:17Z" finished-at="2017-07-03T10:35:17Z">
          <reporter-output>
          </reporter-output>
        </test-method> <!-- afterClass -->
        <test-method status="PASS" signature="afterTest()[pri:0, instance:selenium.redBusTest@6f7fd0e6]" name="afterTest" is-config="true" duration-ms="1" started-at="2017-07-03T10:35:17Z" finished-at="2017-07-03T10:35:17Z">
          <reporter-output>
          </reporter-output>
        </test-method> <!-- afterTest -->
      </class> <!-- selenium.redBusTest -->
    </test> <!-- Test2 -->
  </suite> <!-- Suite -->
</testng-results>
